-------------------------------------------------------------------------------
Test set: com.spring.service.impl.UserServiceImplTest
-------------------------------------------------------------------------------
Tests run: 1, Failures: 1, Errors: 0, Skipped: 0, Time elapsed: 0.007 sec <<< FAILURE!
testSave(com.spring.service.impl.UserServiceImplTest)  Time elapsed: 0.005 sec  <<< FAILURE!
junit.framework.AssertionFailedError: Not yet implemented
	at junit.framework.Assert.fail(Assert.java:47)
	at com.spring.service.impl.UserServiceImplTest.testSave(UserServiceImplTest.java:8)

